AppDrone/app/build/intermediates/manifest_merge_blame_file/debug/manifest-merger-blame-debug-report.txt
1<?xml version="1.0" encoding="utf-8"?>
2<manifest xmlns:android="http://schemas.android.com/apk/res/android"
3    package="com.example.appdrone"
4    android:versionCode="1"
5    android:versionName="1.0" >
6
7    <uses-sdk
8        android:minSdkVersion="22"
8-->src/main/AndroidManifest.xml
9        android:targetSdkVersion="29" />
9-->src/main/AndroidManifest.xml
10
11    <uses-permission android:name="android.permission.WRITE_EXTERNAL_STORAGE" />
11-->src/main/AndroidManifest.xml:5:5-80
11-->src/main/AndroidManifest.xml:5:22-78
12    <uses-permission android:name="android.permission.INTERNET" />
12-->src/main/AndroidManifest.xml:6:5-67
12-->src/main/AndroidManifest.xml:6:22-64
13    <uses-permission android:name="android.permission.ACCESS_NETWORK_STATE" />
13-->src/main/AndroidManifest.xml:7:5-79
13-->src/main/AndroidManifest.xml:7:22-76
14    <uses-permission android:name="android.permission.ACCESS_FINE_LOCATION" />
14-->src/main/AndroidManifest.xml:8:5-79
14-->src/main/AndroidManifest.xml:8:22-76
15    <uses-permission android:name="android.permission.ACCESS_COARSE_LOCATION" />
15-->src/main/AndroidManifest.xml:9:5-81
15-->src/main/AndroidManifest.xml:9:22-78
16    <uses-permission android:name="android.permission.ACCESS_FINE_LOCATION" />
16-->src/main/AndroidManifest.xml:8:5-79
16-->src/main/AndroidManifest.xml:8:22-76
17
18    <!-- Optional permission for Analytics to run. -->
19    <uses-permission android:name="android.permission.WAKE_LOCK" /> <!-- Required by older versions of Google Play services to create GCM registration tokens -->
19-->[com.google.android.gms:play-services-analytics:12.0.1] AndroidManifest.xml:27:5-68
19-->[com.google.android.gms:play-services-analytics:12.0.1] AndroidManifest.xml:27:22-65
20    <uses-permission android:name="com.google.android.c2dm.permission.RECEIVE" />
20-->[com.google.android.gms:play-services-gcm:12.0.1] AndroidManifest.xml:23:5-82
20-->[com.google.android.gms:play-services-gcm:12.0.1] AndroidManifest.xml:23:22-79
21
22    <uses-feature
22-->[com.google.android.gms:play-services-maps:12.0.1] AndroidManifest.xml:26:5-28:35
23        android:glEsVersion="0x00020000"
23-->[com.google.android.gms:play-services-maps:12.0.1] AndroidManifest.xml:27:9-41
24        android:required="true" />
24-->[com.google.android.gms:play-services-maps:12.0.1] AndroidManifest.xml:28:9-32
25
26    <permission
26-->[com.google.firebase:firebase-iid:12.0.1] AndroidManifest.xml:28:5-30:47
27        android:name="com.example.appdrone.permission.C2D_MESSAGE"
27-->[com.google.firebase:firebase-iid:12.0.1] AndroidManifest.xml:29:9-63
28        android:protectionLevel="signature" />
28-->[com.google.firebase:firebase-iid:12.0.1] AndroidManifest.xml:30:9-44
29
30    <uses-permission android:name="com.example.appdrone.permission.C2D_MESSAGE" />
30-->[com.google.firebase:firebase-iid:12.0.1] AndroidManifest.xml:32:5-79
30-->[com.google.firebase:firebase-iid:12.0.1] AndroidManifest.xml:32:22-76
31
32    <application
32-->src/main/AndroidManifest.xml:12:5-66:19
33        android:allowBackup="true"
33-->src/main/AndroidManifest.xml:13:9-35
34        android:appComponentFactory="androidx.core.app.CoreComponentFactory"
34-->[androidx.core:core:1.1.0] AndroidManifest.xml:24:18-86
35        android:debuggable="true"
36        android:icon="@drawable/icono"
36-->src/main/AndroidManifest.xml:14:9-39
37        android:label="@string/app_name"
37-->src/main/AndroidManifest.xml:15:9-41
38        android:roundIcon="@drawable/icono"
38-->src/main/AndroidManifest.xml:16:9-44
39        android:supportsRtl="true"
39-->src/main/AndroidManifest.xml:17:9-35
40        android:testOnly="true"
41        android:theme="@style/AppTheme" >
41-->src/main/AndroidManifest.xml:18:9-40
42        <activity
42-->src/main/AndroidManifest.xml:19:9-27:20
43            android:name="com.example.appdrone.splash"
43-->src/main/AndroidManifest.xml:19:19-41
44            android:configChanges="orientation"
44-->src/main/AndroidManifest.xml:20:13-48
45            android:screenOrientation="portrait" >
45-->src/main/AndroidManifest.xml:21:13-49
46            <intent-filter>
46-->src/main/AndroidManifest.xml:22:13-25:29
47                <action android:name="android.intent.action.MAIN" />
47-->src/main/AndroidManifest.xml:23:17-69
47-->src/main/AndroidManifest.xml:23:25-66
48
49                <category android:name="android.intent.category.LAUNCHER" />
49-->src/main/AndroidManifest.xml:24:17-76
49-->src/main/AndroidManifest.xml:24:27-74
50            </intent-filter>
51        </activity>
52        <activity
52-->src/main/AndroidManifest.xml:28:9-31:52
53            android:name="com.example.appdrone.nuevo_registro"
53-->src/main/AndroidManifest.xml:29:13-43
54            android:configChanges="orientation"
54-->src/main/AndroidManifest.xml:30:13-48
55            android:screenOrientation="portrait" />
55-->src/main/AndroidManifest.xml:31:13-49
56        <activity
56-->src/main/AndroidManifest.xml:32:9-35:52
57            android:name="com.example.appdrone.distancia"
57-->src/main/AndroidManifest.xml:33:13-38
58            android:configChanges="orientation"
58-->src/main/AndroidManifest.xml:34:13-48
59            android:screenOrientation="portrait" />
59-->src/main/AndroidManifest.xml:35:13-49
60        <activity
60-->src/main/AndroidManifest.xml:36:9-39:52
61            android:name="com.example.appdrone.info_5"
61-->src/main/AndroidManifest.xml:37:13-35
62            android:configChanges="orientation"
62-->src/main/AndroidManifest.xml:38:13-48
63            android:screenOrientation="portrait" />
63-->src/main/AndroidManifest.xml:39:13-49
64        <activity
64-->src/main/AndroidManifest.xml:40:9-43:52
65            android:name="com.example.appdrone.info_4"
65-->src/main/AndroidManifest.xml:41:13-35
66            android:configChanges="orientation"
66-->src/main/AndroidManifest.xml:42:13-48
67            android:screenOrientation="portrait" />
67-->src/main/AndroidManifest.xml:43:13-49
68        <activity
68-->src/main/AndroidManifest.xml:44:9-47:52
69            android:name="com.example.appdrone.info_3"
69-->src/main/AndroidManifest.xml:45:13-35
70            android:configChanges="orientation"
70-->src/main/AndroidManifest.xml:46:13-48
71            android:screenOrientation="portrait" />
71-->src/main/AndroidManifest.xml:47:13-49
72        <activity
72-->src/main/AndroidManifest.xml:48:9-51:52
73            android:name="com.example.appdrone.info_2"
73-->src/main/AndroidManifest.xml:49:13-35
74            android:configChanges="orientation"
74-->src/main/AndroidManifest.xml:50:13-48
75            android:screenOrientation="portrait" />
75-->src/main/AndroidManifest.xml:51:13-49
76        <activity
76-->src/main/AndroidManifest.xml:52:9-55:52
77            android:name="com.example.appdrone.info_1"
77-->src/main/AndroidManifest.xml:53:13-35
78            android:configChanges="orientation"
78-->src/main/AndroidManifest.xml:54:13-48
79            android:screenOrientation="portrait" />
79-->src/main/AndroidManifest.xml:55:13-49
80        <activity
80-->src/main/AndroidManifest.xml:56:9-59:52
81            android:name="com.example.appdrone.locationMain"
81-->src/main/AndroidManifest.xml:57:13-41
82            android:configChanges="orientation"
82-->src/main/AndroidManifest.xml:58:13-48
83            android:screenOrientation="portrait" />
83-->src/main/AndroidManifest.xml:59:13-49
84        <activity
84-->src/main/AndroidManifest.xml:60:9-65:20
85            android:name="com.example.appdrone.MainActivity"
85-->src/main/AndroidManifest.xml:61:13-41
86            android:configChanges="orientation"
86-->src/main/AndroidManifest.xml:62:13-48
87            android:screenOrientation="portrait" >
87-->src/main/AndroidManifest.xml:63:13-49
88        </activity>
89
90        <receiver android:name="com.google.android.gms.cast.framework.media.MediaIntentReceiver" />
90-->[com.google.android.gms:play-services-cast-framework:12.0.1] AndroidManifest.xml:8:9-100
90-->[com.google.android.gms:play-services-cast-framework:12.0.1] AndroidManifest.xml:8:19-97
91
92        <service android:name="com.google.android.gms.cast.framework.media.MediaNotificationService" />
92-->[com.google.android.gms:play-services-cast-framework:12.0.1] AndroidManifest.xml:10:9-104
92-->[com.google.android.gms:play-services-cast-framework:12.0.1] AndroidManifest.xml:10:18-101
93        <service android:name="com.google.android.gms.cast.framework.ReconnectionService" /> <!-- Include the AdActivity and InAppPurchaseActivity configChanges and themes. -->
93-->[com.google.android.gms:play-services-cast-framework:12.0.1] AndroidManifest.xml:11:9-93
93-->[com.google.android.gms:play-services-cast-framework:12.0.1] AndroidManifest.xml:11:18-90
94        <activity
94-->[com.google.android.gms:play-services-ads-lite:12.0.1] AndroidManifest.xml:29:9-33:64
95            android:name="com.google.android.gms.ads.AdActivity"
95-->[com.google.android.gms:play-services-ads-lite:12.0.1] AndroidManifest.xml:30:13-65
96            android:configChanges="keyboard|keyboardHidden|orientation|screenLayout|uiMode|screenSize|smallestScreenSize"
96-->[com.google.android.gms:play-services-ads-lite:12.0.1] AndroidManifest.xml:31:13-122
97            android:exported="false"
97-->[com.google.android.gms:play-services-ads-lite:12.0.1] AndroidManifest.xml:32:13-37
98            android:theme="@android:style/Theme.Translucent" />
98-->[com.google.android.gms:play-services-ads-lite:12.0.1] AndroidManifest.xml:33:13-61
99
100        <receiver
100-->[com.google.android.gms:play-services-analytics:12.0.1] AndroidManifest.xml:30:9-34:20
101            android:name="com.google.android.gms.analytics.AnalyticsReceiver"
101-->[com.google.android.gms:play-services-analytics:12.0.1] AndroidManifest.xml:31:13-78
102            android:enabled="true"
102-->[com.google.android.gms:play-services-analytics:12.0.1] AndroidManifest.xml:32:13-35
103            android:exported="false" >
103-->[com.google.android.gms:play-services-analytics:12.0.1] AndroidManifest.xml:33:13-37
104        </receiver>
105
106        <service
106-->[com.google.android.gms:play-services-analytics:12.0.1] AndroidManifest.xml:36:9-39:40
107            android:name="com.google.android.gms.analytics.AnalyticsService"
107-->[com.google.android.gms:play-services-analytics:12.0.1] AndroidManifest.xml:37:13-77
108            android:enabled="true"
108-->[com.google.android.gms:play-services-analytics:12.0.1] AndroidManifest.xml:38:13-35
109            android:exported="false" />
109-->[com.google.android.gms:play-services-analytics:12.0.1] AndroidManifest.xml:39:13-37
110        <service
110-->[com.google.android.gms:play-services-analytics:12.0.1] AndroidManifest.xml:40:9-44:72
111            android:name="com.google.android.gms.analytics.AnalyticsJobService"
111-->[com.google.android.gms:play-services-analytics:12.0.1] AndroidManifest.xml:41:13-80
112            android:enabled="true"
112-->[com.google.android.gms:play-services-analytics:12.0.1] AndroidManifest.xml:42:13-35
113            android:exported="false"
113-->[com.google.android.gms:play-services-analytics:12.0.1] AndroidManifest.xml:43:13-37
114            android:permission="android.permission.BIND_JOB_SERVICE" />
114-->[com.google.android.gms:play-services-analytics:12.0.1] AndroidManifest.xml:44:13-69
115
116        <activity
116-->[com.google.android.gms:play-services-appinvite:12.0.1] AndroidManifest.xml:25:9-34:20
117            android:name="com.google.android.gms.appinvite.PreviewActivity"
117-->[com.google.android.gms:play-services-appinvite:12.0.1] AndroidManifest.xml:26:13-76
118            android:exported="true"
118-->[com.google.android.gms:play-services-appinvite:12.0.1] AndroidManifest.xml:27:13-36
119            android:theme="@style/Theme.AppInvite.Preview" >
119-->[com.google.android.gms:play-services-appinvite:12.0.1] AndroidManifest.xml:28:13-59
120            <intent-filter>
120-->[com.google.android.gms:play-services-appinvite:12.0.1] AndroidManifest.xml:29:13-33:29
121                <action android:name="com.google.android.gms.appinvite.ACTION_PREVIEW" />
121-->[com.google.android.gms:play-services-appinvite:12.0.1] AndroidManifest.xml:30:17-90
121-->[com.google.android.gms:play-services-appinvite:12.0.1] AndroidManifest.xml:30:25-87
122
123                <category android:name="android.intent.category.DEFAULT" />
123-->[com.google.android.gms:play-services-appinvite:12.0.1] AndroidManifest.xml:32:17-76
123-->[com.google.android.gms:play-services-appinvite:12.0.1] AndroidManifest.xml:32:27-73
124            </intent-filter>
125        </activity>
126        <activity
126-->[com.google.android.gms:play-services-auth:12.0.1] AndroidManifest.xml:23:9-27:75
127            android:name="com.google.android.gms.auth.api.signin.internal.SignInHubActivity"
127-->[com.google.android.gms:play-services-auth:12.0.1] AndroidManifest.xml:24:13-93
128            android:excludeFromRecents="true"
128-->[com.google.android.gms:play-services-auth:12.0.1] AndroidManifest.xml:25:13-46
129            android:exported="false"
129-->[com.google.android.gms:play-services-auth:12.0.1] AndroidManifest.xml:26:13-37
130            android:theme="@android:style/Theme.Translucent.NoTitleBar" />
130-->[com.google.android.gms:play-services-auth:12.0.1] AndroidManifest.xml:27:13-72
131        <!--
132            Service handling Google Sign-In user revocation. For apps that do not integrate with
133            Google Sign-In, this service will never be started.
134        -->
135        <service
135-->[com.google.android.gms:play-services-auth:12.0.1] AndroidManifest.xml:33:9-36:110
136            android:name="com.google.android.gms.auth.api.signin.RevocationBoundService"
136-->[com.google.android.gms:play-services-auth:12.0.1] AndroidManifest.xml:34:13-89
137            android:exported="true"
137-->[com.google.android.gms:play-services-auth:12.0.1] AndroidManifest.xml:35:13-36
138            android:permission="com.google.android.gms.auth.api.signin.permission.REVOCATION_NOTIFICATION" />
138-->[com.google.android.gms:play-services-auth:12.0.1] AndroidManifest.xml:36:13-107
139
140        <activity
140-->[com.google.firebase:firebase-auth:12.0.1] AndroidManifest.xml:23:9-29:75
141            android:name="com.google.firebase.auth.internal.FederatedSignInActivity"
141-->[com.google.firebase:firebase-auth:12.0.1] AndroidManifest.xml:24:13-85
142            android:excludeFromRecents="true"
142-->[com.google.firebase:firebase-auth:12.0.1] AndroidManifest.xml:25:13-46
143            android:exported="true"
143-->[com.google.firebase:firebase-auth:12.0.1] AndroidManifest.xml:26:13-36
144            android:launchMode="singleInstance"
144-->[com.google.firebase:firebase-auth:12.0.1] AndroidManifest.xml:27:13-48
145            android:permission="com.google.firebase.auth.api.gms.permission.LAUNCH_FEDERATED_SIGN_IN"
145-->[com.google.firebase:firebase-auth:12.0.1] AndroidManifest.xml:28:13-102
146            android:theme="@android:style/Theme.Translucent.NoTitleBar" />
146-->[com.google.firebase:firebase-auth:12.0.1] AndroidManifest.xml:29:13-72
147        <activity
147-->[com.google.android.gms:play-services-base:12.0.1] AndroidManifest.xml:23:9-26:75
148            android:name="com.google.android.gms.common.api.GoogleApiActivity"
148-->[com.google.android.gms:play-services-base:12.0.1] AndroidManifest.xml:24:13-79
149            android:exported="false"
149-->[com.google.android.gms:play-services-base:12.0.1] AndroidManifest.xml:25:13-37
150            android:theme="@android:style/Theme.Translucent.NoTitleBar" />
150-->[com.google.android.gms:play-services-base:12.0.1] AndroidManifest.xml:26:13-72
151        <!--
152             FirebaseMessagingService performs security checks at runtime,
153             no need for explicit permissions despite exported="true"
154        -->
155        <service
155-->[com.google.firebase:firebase-messaging:12.0.1] AndroidManifest.xml:28:9-34:19
156            android:name="com.google.firebase.messaging.FirebaseMessagingService"
156-->[com.google.firebase:firebase-messaging:12.0.1] AndroidManifest.xml:29:13-82
157            android:exported="true" >
157-->[com.google.firebase:firebase-messaging:12.0.1] AndroidManifest.xml:30:13-36
158            <intent-filter android:priority="-500" >
158-->[com.google.firebase:firebase-messaging:12.0.1] AndroidManifest.xml:31:13-33:29
158-->[com.google.firebase:firebase-messaging:12.0.1] AndroidManifest.xml:31:28-51
159                <action android:name="com.google.firebase.MESSAGING_EVENT" />
159-->[com.google.firebase:firebase-messaging:12.0.1] AndroidManifest.xml:32:17-78
159-->[com.google.firebase:firebase-messaging:12.0.1] AndroidManifest.xml:32:25-75
160            </intent-filter>
161        </service>
162        <service
162-->[com.google.android.gms:play-services-tagmanager-api:12.0.1] AndroidManifest.xml:27:9-30:40
163            android:name="com.google.android.gms.tagmanager.TagManagerService"
163-->[com.google.android.gms:play-services-tagmanager-api:12.0.1] AndroidManifest.xml:28:13-79
164            android:enabled="true"
164-->[com.google.android.gms:play-services-tagmanager-api:12.0.1] AndroidManifest.xml:29:13-35
165            android:exported="false" />
165-->[com.google.android.gms:play-services-tagmanager-api:12.0.1] AndroidManifest.xml:30:13-37
166
167        <activity
167-->[com.google.android.gms:play-services-tagmanager-api:12.0.1] AndroidManifest.xml:32:9-44:20
168            android:name="com.google.android.gms.tagmanager.TagManagerPreviewActivity"
168-->[com.google.android.gms:play-services-tagmanager-api:12.0.1] AndroidManifest.xml:33:13-87
169            android:exported="true"
169-->[com.google.android.gms:play-services-tagmanager-api:12.0.1] AndroidManifest.xml:34:13-36
170            android:noHistory="true" > <!-- optional, removes the previewActivity from the activity stack. -->
170-->[com.google.android.gms:play-services-tagmanager-api:12.0.1] AndroidManifest.xml:35:13-37
171            <intent-filter>
171-->[com.google.android.gms:play-services-tagmanager-api:12.0.1] AndroidManifest.xml:36:13-43:29
172                <data android:scheme="tagmanager.c.com.example.appdrone" />
172-->[com.google.android.gms:play-services-tagmanager-api:12.0.1] AndroidManifest.xml:37:17-72
172-->[com.google.android.gms:play-services-tagmanager-api:12.0.1] AndroidManifest.xml:37:23-69
173
174                <action android:name="android.intent.action.VIEW" />
174-->[com.google.android.gms:play-services-tagmanager-api:12.0.1] AndroidManifest.xml:39:17-69
174-->[com.google.android.gms:play-services-tagmanager-api:12.0.1] AndroidManifest.xml:39:25-66
175
176                <category android:name="android.intent.category.DEFAULT" />
176-->[com.google.android.gms:play-services-appinvite:12.0.1] AndroidManifest.xml:32:17-76
176-->[com.google.android.gms:play-services-appinvite:12.0.1] AndroidManifest.xml:32:27-73
177                <category android:name="android.intent.category.BROWSABLE" />
177-->[com.google.android.gms:play-services-tagmanager-api:12.0.1] AndroidManifest.xml:42:17-78
177-->[com.google.android.gms:play-services-tagmanager-api:12.0.1] AndroidManifest.xml:42:27-75
178            </intent-filter>
179        </activity>
180
181        <receiver
181-->[com.google.firebase:firebase-analytics:12.0.1] AndroidManifest.xml:28:9-32:20
182            android:name="com.google.android.gms.measurement.AppMeasurementReceiver"
182-->[com.google.firebase:firebase-analytics:12.0.1] AndroidManifest.xml:29:13-85
183            android:enabled="true"
183-->[com.google.firebase:firebase-analytics:12.0.1] AndroidManifest.xml:30:13-35
184            android:exported="false" >
184-->[com.google.firebase:firebase-analytics:12.0.1] AndroidManifest.xml:31:13-37
185        </receiver>
186        <receiver
186-->[com.google.firebase:firebase-analytics:12.0.1] AndroidManifest.xml:33:9-41:20
187            android:name="com.google.android.gms.measurement.AppMeasurementInstallReferrerReceiver"
187-->[com.google.firebase:firebase-analytics:12.0.1] AndroidManifest.xml:34:13-100
188            android:enabled="true"
188-->[com.google.firebase:firebase-analytics:12.0.1] AndroidManifest.xml:35:13-35
189            android:exported="true"
189-->[com.google.firebase:firebase-analytics:12.0.1] AndroidManifest.xml:36:13-36
190            android:permission="android.permission.INSTALL_PACKAGES" >
190-->[com.google.firebase:firebase-analytics:12.0.1] AndroidManifest.xml:37:13-69
191            <intent-filter>
191-->[com.google.firebase:firebase-analytics:12.0.1] AndroidManifest.xml:38:13-40:29
192                <action android:name="com.android.vending.INSTALL_REFERRER" />
192-->[com.google.firebase:firebase-analytics:12.0.1] AndroidManifest.xml:39:17-79
192-->[com.google.firebase:firebase-analytics:12.0.1] AndroidManifest.xml:39:25-76
193            </intent-filter>
194        </receiver>
195
196        <service
196-->[com.google.firebase:firebase-analytics:12.0.1] AndroidManifest.xml:43:9-46:40
197            android:name="com.google.android.gms.measurement.AppMeasurementService"
197-->[com.google.firebase:firebase-analytics:12.0.1] AndroidManifest.xml:44:13-84
198            android:enabled="true"
198-->[com.google.firebase:firebase-analytics:12.0.1] AndroidManifest.xml:45:13-35
199            android:exported="false" />
199-->[com.google.firebase:firebase-analytics:12.0.1] AndroidManifest.xml:46:13-37
200        <service
200-->[com.google.firebase:firebase-analytics:12.0.1] AndroidManifest.xml:47:9-51:72
201            android:name="com.google.android.gms.measurement.AppMeasurementJobService"
201-->[com.google.firebase:firebase-analytics:12.0.1] AndroidManifest.xml:48:13-87
202            android:enabled="true"
202-->[com.google.firebase:firebase-analytics:12.0.1] AndroidManifest.xml:49:13-35
203            android:exported="false"
203-->[com.google.firebase:firebase-analytics:12.0.1] AndroidManifest.xml:50:13-37
204            android:permission="android.permission.BIND_JOB_SERVICE" />
204-->[com.google.firebase:firebase-analytics:12.0.1] AndroidManifest.xml:51:13-69
205
206        <receiver
206-->[com.google.firebase:firebase-iid:12.0.1] AndroidManifest.xml:35:9-44:20
207            android:name="com.google.firebase.iid.FirebaseInstanceIdReceiver"
207-->[com.google.firebase:firebase-iid:12.0.1] AndroidManifest.xml:36:13-78
208            android:exported="true"
208-->[com.google.firebase:firebase-iid:12.0.1] AndroidManifest.xml:37:13-36
209            android:permission="com.google.android.c2dm.permission.SEND" >
209-->[com.google.firebase:firebase-iid:12.0.1] AndroidManifest.xml:38:13-73
210            <intent-filter>
210-->[com.google.firebase:firebase-iid:12.0.1] AndroidManifest.xml:39:13-43:29
211                <action android:name="com.google.android.c2dm.intent.RECEIVE" />
211-->[com.google.firebase:firebase-iid:12.0.1] AndroidManifest.xml:40:17-81
211-->[com.google.firebase:firebase-iid:12.0.1] AndroidManifest.xml:40:25-78
212
213                <category android:name="com.example.appdrone" />
213-->[com.google.firebase:firebase-iid:12.0.1] AndroidManifest.xml:42:17-61
213-->[com.google.firebase:firebase-iid:12.0.1] AndroidManifest.xml:42:27-58
214            </intent-filter>
215        </receiver>
216        <!--
217             FirebaseInstanceIdService performs security checks at runtime,
218             no need for explicit permissions despite exported="true"
219        -->
220        <service
220-->[com.google.firebase:firebase-iid:12.0.1] AndroidManifest.xml:50:9-56:19
221            android:name="com.google.firebase.iid.FirebaseInstanceIdService"
221-->[com.google.firebase:firebase-iid:12.0.1] AndroidManifest.xml:51:13-77
222            android:exported="true" >
222-->[com.google.firebase:firebase-iid:12.0.1] AndroidManifest.xml:52:13-36
223            <intent-filter android:priority="-500" >
223-->[com.google.firebase:firebase-iid:12.0.1] AndroidManifest.xml:53:13-55:29
223-->[com.google.firebase:firebase-iid:12.0.1] AndroidManifest.xml:53:28-51
224                <action android:name="com.google.firebase.INSTANCE_ID_EVENT" />
224-->[com.google.firebase:firebase-iid:12.0.1] AndroidManifest.xml:54:17-80
224-->[com.google.firebase:firebase-iid:12.0.1] AndroidManifest.xml:54:25-77
225            </intent-filter>
226        </service>
227
228        <provider
228-->[com.google.firebase:firebase-common:12.0.1] AndroidManifest.xml:8:9-12:39
229            android:name="com.google.firebase.provider.FirebaseInitProvider"
229-->[com.google.firebase:firebase-common:12.0.1] AndroidManifest.xml:9:13-77
230            android:authorities="com.example.appdrone.firebaseinitprovider"
230-->[com.google.firebase:firebase-common:12.0.1] AndroidManifest.xml:10:13-72
231            android:exported="false"
231-->[com.google.firebase:firebase-common:12.0.1] AndroidManifest.xml:11:13-37
232            android:initOrder="100" />
232-->[com.google.firebase:firebase-common:12.0.1] AndroidManifest.xml:12:13-36
233
234        <meta-data
234-->[com.google.android.gms:play-services-basement:12.0.1] AndroidManifest.xml:23:9-25:69
235            android:name="com.google.android.gms.version"
235-->[com.google.android.gms:play-services-basement:12.0.1] AndroidManifest.xml:24:13-58
236            android:value="@integer/google_play_services_version" />
236-->[com.google.android.gms:play-services-basement:12.0.1] AndroidManifest.xml:25:13-66
237    </application>
238
239</manifest>